Data:
0.000000 -151.0000
0.000023 -132.0000
0.000045 -133.0000
0.000068 -129.0000
0.000091 -105.0000
0.000113 -113.0000
0.000136 -120.0000
0.000159 -108.0000
0.000181 -107.0000
0.000204 -105.0000
0.000227 -119.0000
0.000249 -111.0000
0.000272 -126.0000
0.000295 -148.0000
0.000317 -135.0000
0.000340 -134.0000
0.000363 -142.0000
0.000385 -124.0000
0.000408 -122.0000
0.000431 -128.0000
0.000454 -150.0000
0.000476 -168.0000
0.000499 -198.0000
0.000522 -218.0000
0.000544 -233.0000
0.000567 -239.0000
0.000590 -233.0000
0.000612 -225.0000
0.000635 -212.0000
0.000658 -190.0000
0.000680 -186.0000
0.000703 -169.0000
0.000726 -157.0000
0.000748 -132.0000
0.000771 -132.0000
0.000794 -144.0000
0.000816 -146.0000
0.000839 -146.0000
0.000862 -142.0000
0.000884 -141.0000
0.000907 -143.0000
0.000930 -135.0000
0.000952 -138.0000
0.000975 -153.0000
0.000998 -171.0000
0.001020 -161.0000
0.001043 -179.0000
0.001066 -190.0000
0.001088 -190.0000
0.001111 -214.0000
0.001134 -229.0000
0.001156 -214.0000
0.001179 -222.0000
0.001202 -241.0000
0.001224 -232.0000
0.001247 -237.0000
0.001270 -244.0000
0.001293 -253.0000
0.001315 -256.0000
0.001338 -254.0000
0.001361 -256.0000
0.001383 -249.0000
0.001406 -240.0000
0.001429 -242.0000
0.001451 -258.0000
0.001474 -261.0000
0.001497 -264.0000
0.001519 -278.0000
0.001542 -281.0000
0.001565 -276.0000
0.001587 -279.0000
0.001610 -260.0000
0.001633 -262.0000
0.001655 -259.0000
0.001678 -274.0000
0.001701 -289.0000
0.001723 -296.0000
0.001746 -324.0000
0.001769 -322.0000
0.001791 -317.0000
0.001814 -301.0000
0.001837 -282.0000
0.001859 -290.0000
0.001882 -306.0000
0.001905 -302.0000
0.001927 -298.0000
0.001950 -299.0000
0.001973 -301.0000
0.001995 -312.0000
0.002018 -324.0000
0.002041 -346.0000
0.002063 -372.0000
0.002086 -392.0000
0.002109 -443.0000
0.002132 -465.0000
0.002154 -484.0000
0.002177 -525.0000
0.002200 -544.0000
0.002222 -537.0000
0.002245 -555.0000
0.002268 -574.0000
0.002290 -581.0000
0.002313 -591.0000
0.002336 -595.0000
0.002358 -625.0000
0.002381 -621.0000
0.002404 -615.0000
0.002426 -622.0000
0.002449 -608.0000
0.002472 -600.0000
0.002494 -595.0000
0.002517 -588.0000
0.002540 -591.0000
0.002562 -588.0000
0.002585 -581.0000
0.002608 -586.0000
0.002630 -569.0000
0.002653 -566.0000
0.002676 -541.0000
0.002698 -529.0000
0.002721 -510.0000
0.002744 -489.0000
0.002766 -503.0000
0.002789 -486.0000
0.002812 -473.0000
0.002834 -478.0000
0.002857 -475.0000
0.002880 -463.0000
0.002902 -467.0000
0.002925 -472.0000
0.002948 -464.0000
0.002971 -465.0000
0.002993 -477.0000
0.003016 -473.0000
0.003039 -486.0000
0.003061 -478.0000
0.003084 -496.0000
0.003107 -476.0000
0.003129 -487.0000
0.003152 -484.0000
0.003175 -487.0000
0.003197 -493.0000
0.003220 -464.0000
0.003243 -472.0000
0.003265 -480.0000
0.003288 -471.0000
0.003311 -485.0000
0.003333 -478.0000
0.003356 -477.0000
0.003379 -463.0000
0.003401 -453.0000
0.003424 -467.0000
0.003447 -459.0000
0.003469 -451.0000
0.003492 -443.0000
0.003515 -424.0000
0.003537 -398.0000
0.003560 -376.0000
0.003583 -363.0000
0.003605 -355.0000
0.003628 -338.0000
0.003651 -319.0000
0.003673 -300.0000
0.003696 -290.0000
0.003719 -267.0000
0.003741 -266.0000
0.003764 -270.0000
0.003787 -262.0000
0.003810 -266.0000
0.003832 -276.0000
0.003855 -297.0000
0.003878 -298.0000
0.003900 -319.0000
0.003923 -301.0000
0.003946 -305.0000
0.003968 -299.0000
0.003991 -274.0000
0.004014 -277.0000
0.004036 -260.0000
0.004059 -252.0000
0.004082 -254.0000
0.004104 -251.0000
0.004127 -245.0000
0.004150 -275.0000
0.004172 -272.0000
0.004195 -268.0000
0.004218 -253.0000
0.004240 -262.0000
0.004263 -261.0000
0.004286 -229.0000
0.004308 -241.0000
0.004331 -257.0000
0.004354 -243.0000
0.004376 -231.0000
0.004399 -210.0000
0.004422 -180.0000
0.004444 -181.0000
0.004467 -184.0000
0.004490 -182.0000
0.004512 -183.0000
0.004535 -187.0000
0.004558 -200.0000
0.004580 -200.0000
0.004603 -222.0000
0.004626 -235.0000
0.004649 -242.0000
0.004671 -265.0000
0.004694 -266.0000
0.004717 -271.0000
0.004739 -296.0000
0.004762 -294.0000
0.004785 -286.0000
0.004807 -294.0000
0.004830 -289.0000
0.004853 -279.0000
0.004875 -252.0000
0.004898 -236.0000
0.004921 -233.0000
0.004943 -231.0000
0.004966 -240.0000
0.004989 -252.0000
0.005011 -244.0000
0.005034 -263.0000
0.005057 -244.0000
0.005079 -238.0000
0.005102 -252.0000
0.005125 -248.0000
0.005147 -261.0000
0.005170 -277.0000
0.005193 -273.0000
0.005215 -282.0000
0.005238 -285.0000
0.005261 -248.0000
0.005283 -244.0000
0.005306 -221.0000
0.005329 -204.0000
0.005351 -213.0000
0.005374 -227.0000
0.005397 -231.0000
0.005420 -253.0000
0.005442 -253.0000
0.005465 -254.0000
0.005488 -261.0000
0.005510 -249.0000
0.005533 -261.0000
0.005556 -263.0000
0.005578 -276.0000
0.005601 -282.0000
0.005624 -272.0000
0.005646 -281.0000
0.005669 -271.0000
0.005692 -281.0000
0.005714 -286.0000
0.005737 -315.0000
0.005760 -324.0000
0.005782 -367.0000
0.005805 -356.0000
0.005828 -363.0000
0.005850 -390.0000
0.005873 -376.0000
0.005896 -386.0000
0.005918 -392.0000
0.005941 -368.0000
0.005964 -360.0000
0.005986 -353.0000
0.006009 -328.0000
0.006032 -349.0000
0.006054 -363.0000
0.006077 -352.0000
0.006100 -345.0000
0.006122 -332.0000
0.006145 -320.0000
0.006168 -304.0000
0.006190 -303.0000
0.006213 -299.0000
0.006236 -304.0000
0.006259 -288.0000
0.006281 -311.0000
0.006304 -311.0000
0.006327 -332.0000
0.006349 -370.0000
0.006372 -388.0000
0.006395 -412.0000
0.006417 -424.0000
0.006440 -415.0000
0.006463 -434.0000
0.006485 -417.0000
0.006508 -392.0000
0.006531 -394.0000
0.006553 -380.0000
0.006576 -397.0000
0.006599 -406.0000
0.006621 -405.0000
0.006644 -424.0000
0.006667 -403.0000
0.006689 -410.0000
0.006712 -406.0000
0.006735 -414.0000
0.006757 -422.0000
0.006780 -431.0000
0.006803 -427.0000
0.006825 -416.0000
0.006848 -384.0000
0.006871 -405.0000
0.006893 -394.0000
0.006916 -395.0000
0.006939 -378.0000
0.006961 -356.0000
0.006984 -343.0000
0.007007 -321.0000
0.007029 -321.0000
0.007052 -350.0000
0.007075 -351.0000
0.007098 -345.0000
0.007120 -330.0000
0.007143 -299.0000
0.007166 -293.0000
0.007188 -262.0000
0.007211 -262.0000
0.007234 -266.0000
0.007256 -257.0000
0.007279 -256.0000
0.007302 -241.0000
0.007324 -236.0000
0.007347 -246.0000
0.007370 -250.0000
0.007392 -246.0000
0.007415 -270.0000
0.007438 -248.0000
0.007460 -221.0000
0.007483 -188.0000
0.007506 -172.0000
0.007528 -160.0000
0.007551 -142.0000
0.007574 -132.0000
0.007596 -134.0000
0.007619 -118.0000
0.007642 -123.0000
0.007664 -144.0000
0.007687 -145.0000
0.007710 -170.0000
0.007732 -193.0000
0.007755 -209.0000
0.007778 -240.0000
0.007800 -256.0000
0.007823 -275.0000
0.007846 -283.0000
0.007868 -286.0000
0.007891 -270.0000
0.007914 -266.0000
0.007937 -262.0000
0.007959 -263.0000
0.007982 -269.0000
0.008005 -271.0000
0.008027 -279.0000
0.008050 -297.0000
0.008073 -305.0000
0.008095 -324.0000
0.008118 -331.0000
0.008141 -318.0000
0.008163 -320.0000
0.008186 -315.0000
0.008209 -320.0000
0.008231 -328.0000
0.008254 -323.0000
0.008277 -334.0000
0.008299 -345.0000
0.008322 -345.0000
0.008345 -347.0000
0.008367 -351.0000
0.008390 -345.0000
0.008413 -342.0000
0.008435 -340.0000
0.008458 -337.0000
0.008481 -336.0000
0.008503 -324.0000
0.008526 -300.0000
0.008549 -294.0000
0.008571 -291.0000
0.008594 -296.0000
0.008617 -285.0000
0.008639 -298.0000
0.008662 -291.0000
0.008685 -271.0000
0.008707 -280.0000
0.008730 -259.0000
0.008753 -263.0000
0.008776 -288.0000
0.008798 -291.0000
0.008821 -321.0000
0.008844 -322.0000
0.008866 -340.0000
0.008889 -347.0000
0.008912 -329.0000
0.008934 -356.0000
0.008957 -356.0000
0.008980 -381.0000
0.009002 -392.0000
0.009025 -403.0000
0.009048 -412.0000
0.009070 -399.0000
0.009093 -407.0000
0.009116 -402.0000
0.009138 -400.0000
0.009161 -397.0000
0.009184 -385.0000
0.009206 -385.0000
0.009229 -392.0000
0.009252 -380.0000
0.009274 -391.0000
0.009297 -420.0000
0.009320 -428.0000
0.009342 -426.0000
0.009365 -433.0000
0.009388 -427.0000
0.009410 -397.0000
0.009433 -378.0000
0.009456 -362.0000
0.009478 -357.0000
0.009501 -343.0000
0.009524 -342.0000
0.009546 -323.0000
0.009569 -322.0000
0.009592 -321.0000
0.009615 -304.0000
0.009637 -321.0000
0.009660 -321.0000
0.009683 -317.0000
0.009705 -341.0000
0.009728 -352.0000
0.009751 -368.0000
0.009773 -392.0000
0.009796 -413.0000
0.009819 -421.0000
0.009841 -413.0000
0.009864 -415.0000
0.009887 -409.0000
0.009909 -387.0000
0.009932 -399.0000
0.009955 -376.0000
0.009977 -345.0000
0.010000 -341.0000
0.010023 -322.0000
0.010045 -304.0000
0.010068 -297.0000
0.010091 -289.0000
0.010113 -277.0000
0.010136 -279.0000
0.010159 -274.0000
0.010181 -251.0000
0.010204 -232.0000
0.010227 -223.0000
0.010249 -212.0000
0.010272 -220.0000
0.010295 -207.0000
0.010317 -203.0000
0.010340 -194.0000
0.010363 -178.0000
0.010385 -176.0000
0.010408 -165.0000
0.010431 -169.0000
0.010454 -163.0000
0.010476 -182.0000
0.010499 -163.0000
0.010522 -162.0000
0.010544 -165.0000
0.010567 -134.0000
0.010590 -158.0000
0.010612 -159.0000
0.010635 -148.0000
0.010658 -163.0000
0.010680 -141.0000
0.010703 -145.0000
0.010726 -145.0000
0.010748 -110.0000
0.010771 -108.0000
0.010794 -127.0000
0.010816 -140.0000
0.010839 -171.0000
0.010862 -175.0000
0.010884 -202.0000
0.010907 -201.0000
0.010930 -207.0000
0.010952 -199.0000
0.010975 -202.0000
0.010998 -202.0000
0.011020 -200.0000
0.011043 -196.0000
0.011066 -194.0000
0.011088 -200.0000
0.011111 -183.0000
0.011134 -166.0000
0.011156 -163.0000
0.011179 -139.0000
0.011202 -128.0000
0.011224 -98.0000
0.011247 -75.0000
0.011270 -73.0000
0.011293 -73.0000
0.011315 -54.0000
0.011338 -41.0000
0.011361 -25.0000
0.011383 2.0000
0.011406 8.0000
0.011429 -25.0000
0.011451 -55.0000
0.011474 -67.0000
0.011497 -75.0000
0.011519 -60.0000
0.011542 -68.0000
0.011565 -54.0000
0.011587 -41.0000

Weighed data:
0.000000 -12.0800
0.000023 -10.5646
0.000045 -10.6585
0.000068 -10.3604
0.000091 -8.4584
0.000113 -9.1382
0.000136 -9.7502
0.000159 -8.8239
0.000181 -8.7979
0.000204 -8.6954
0.000227 -9.9333
0.000249 -9.3463
0.000272 -10.7098
0.000295 -12.7079
0.000317 -11.7178
0.000340 -11.7654
0.000363 -12.6200
0.000385 -11.1616
0.000408 -11.1289
0.000431 -11.8395
0.000454 -14.0759
0.000476 -16.0020
0.000499 -19.1521
0.000522 -21.4235
0.000544 -23.2731
0.000567 -24.2735
0.000590 -24.0706
0.000612 -23.6515
0.000635 -22.6827
0.000658 -20.6978
0.000680 -20.6353
0.000703 -19.0994
0.000726 -18.0787
0.000748 -15.4904
0.000771 -15.7893
0.000794 -17.5599
0.000816 -18.1529
0.000839 -18.5112
0.000862 -18.3614
0.000884 -18.5957
0.000907 -19.2370
0.000930 -18.5256
0.000952 -19.3185
0.000975 -21.8502
0.000998 -24.9138
0.001020 -23.9307
0.001043 -27.1435
0.001066 -29.3930
0.001088 -29.9856
0.001111 -34.4530
0.001134 -37.6085
0.001156 -35.8493
0.001179 -37.9325
0.001202 -41.9990
0.001224 -41.2329
0.001247 -42.9541
0.001270 -45.0931
0.001293 -47.6725
0.001315 -49.1783
0.001338 -49.7407
0.001361 -51.0996
0.001383 -50.6561
0.001406 -49.7566
0.001429 -51.1226
0.001451 -55.5296
0.001474 -57.2272
0.001497 -58.9617
0.001519 -63.2356
0.001542 -65.0908
0.001565 -65.0974
0.001587 -66.9953
0.001610 -63.5539
0.001633 -65.1841
0.001655 -65.5774
0.001678 -70.5929
0.001701 -75.7541
0.001723 -78.9293
0.001746 -87.8762
0.001769 -88.8183
0.001791 -88.9133
0.001814 -85.8371
0.001837 -81.7521
0.001859 -85.4534
0.001882 -91.6378
0.001905 -91.9014
0.001927 -92.1369
0.001950 -93.9141
0.001973 -96.0304
0.001995 -101.0928
0.002018 -106.6042
0.002041 -115.5873
0.002063 -126.1602
0.002086 -134.9436
0.002109 -154.7740
0.002132 -164.8605
0.002154 -174.1087
0.002177 -191.5966
0.002200 -201.3831
0.002222 -201.6214
0.002245 -211.3179
0.002268 -221.6049
0.002290 -227.4108
0.002313 -234.4951
0.002336 -239.2866
0.002358 -254.7306
0.002381 -256.4701
0.002404 -257.3413
0.002426 -263.6690
0.002449 -261.0672
0.002472 -260.9311
0.002494 -262.0377
0.002517 -262.2061
0.002540 -266.8201
0.002562 -268.7332
0.002585 -268.7698
0.002608 -274.3534
0.002630 -269.5762
0.002653 -271.3256
0.002676 -262.3769
0.002698 -259.5298
0.002721 -253.0781
0.002744 -245.4121
0.002766 -255.2748
0.002789 -249.3903
0.002812 -245.3911
0.002834 -250.6865
0.002857 -251.7987
0.002880 -248.0559
0.002902 -252.8403
0.002925 -258.2170
0.002948 -256.4642
0.002971 -259.6455
0.002993 -269.0411
0.003016 -269.4557
0.003039 -279.6035
0.003061 -277.6953
0.003084 -290.9451
0.003107 -281.8901
0.003129 -291.1391
0.003152 -292.0593
0.003175 -296.5954
0.003197 -303.0038
0.003220 -287.7670
0.003243 -295.3544
0.003265 -303.0246
0.003288 -299.9506
0.003311 -311.5444
0.003333 -309.6800
0.003356 -311.6509
0.003379 -305.0379
0.003401 -300.9207
0.003424 -312.7594
0.003447 -309.8878
0.003469 -306.9204
0.003492 -303.8572
0.003515 -293.0946
0.003537 -277.2432
0.003560 -263.9133
0.003583 -256.7060
0.003605 -252.9146
0.003628 -242.5711
0.003651 -230.5954
0.003673 -218.4137
0.003696 -212.6260
0.003719 -197.1292
0.003741 -197.7444
0.003764 -202.0835
0.003787 -197.4127
0.003810 -201.7550
0.003832 -210.7090
0.003855 -228.2045
0.003878 -230.4308
0.003900 -248.2187
0.003923 -235.6638
0.003946 -240.2548
0.003968 -236.9479
0.003991 -218.4264
0.004014 -222.1115
0.004036 -209.6840
0.004059 -204.3889
0.004082 -207.1665
0.004104 -205.8511
0.004127 -202.0243
0.004150 -227.9780
0.004172 -226.6819
0.004195 -224.5099
0.004218 -213.0291
0.004240 -221.7190
0.004263 -221.9682
0.004286 -195.7041
0.004308 -206.9480
0.004331 -221.7293
0.004354 -210.6240
0.004376 -201.1367
0.004399 -183.6718
0.004422 -158.1270
0.004444 -159.6941
0.004467 -163.0314
0.004490 -161.9328
0.004512 -163.4901
0.004535 -167.7357
0.004558 -180.1045
0.004580 -180.8016
0.004603 -201.4513
0.004626 -214.0412
0.004649 -221.2200
0.004671 -243.1096
0.004694 -244.8796
0.004717 -250.3357
0.004739 -274.3439
0.004762 -273.3814
0.004785 -266.7926
0.004807 -275.1117
0.004830 -271.2575
0.004853 -262.6506
0.004875 -237.9213
0.004898 -223.4455
0.004921 -221.2132
0.004943 -219.9028
0.004966 -229.0670
0.004989 -241.1308
0.005011 -234.0516
0.005034 -252.8809
0.005057 -235.1567
0.005079 -229.8902
0.005102 -243.9434
0.005125 -240.5771
0.005147 -253.7033
0.005170 -269.7848
0.005193 -266.3922
0.005215 -275.6757
0.005238 -279.0961
0.005261 -243.2706
0.005283 -239.7320
0.005306 -217.4683
0.005329 -201.0346
0.005351 -210.1971
0.005374 -224.3101
0.005397 -228.5495
0.005420 -250.6130
0.005442 -250.8928
0.005465 -252.1479
0.005488 -259.3497
0.005510 -247.6498
0.005533 -259.8017
0.005556 -261.9931
0.005578 -275.1348
0.005601 -281.2922
0.005624 -271.4683
0.005646 -280.5874
0.005669 -270.7150
0.005692 -280.8022
0.005714 -285.8782
0.005737 -314.9315
0.005760 -323.9747
0.005782 -366.9968
0.005805 -355.9969
0.005828 -362.9716
0.005850 -389.9152
0.005873 -375.8399
0.005896 -385.7283
0.005918 -391.5878
0.005941 -367.4596
0.005964 -359.2963
0.005986 -352.1139
0.006009 -326.9718
0.006032 -347.6639
0.006054 -361.3334
0.006077 -350.0912
0.006100 -342.8186
0.006122 -329.5791
0.006145 -317.3347
0.006168 -301.1319
0.006190 -299.7857
0.006213 -295.4569
0.006236 -299.9996
0.006259 -283.8136
0.006281 -306.0300
0.006304 -305.5600
0.006327 -325.6687
0.006349 -362.3353
0.006372 -379.2984
0.006395 -402.0278
0.006417 -412.9558
0.006440 -403.3980
0.006463 -421.0099
0.006485 -403.6683
0.006508 -378.6428
0.006531 -379.7202
0.006553 -365.3792
0.006576 -380.8135
0.006599 -388.4886
0.006621 -386.5505
0.006644 -403.6312
0.006667 -382.6133
0.006689 -388.1893
0.006712 -383.3176
0.006735 -389.7396
0.006757 -396.0922
0.006780 -403.3100
0.006803 -398.3232
0.006825 -386.8254
0.006848 -355.9056
0.006871 -374.1179
0.006893 -362.7164
0.006916 -362.3709
0.006939 -345.5421
0.006961 -324.2496
0.006984 -311.2514
0.007007 -290.1866
0.007029 -289.0677
0.007052 -313.9438
0.007075 -313.5793
0.007098 -306.9606
0.007120 -292.3934
0.007143 -263.8041
0.007166 -257.3956
0.007188 -229.1525
0.007211 -228.1291
0.007234 -230.5596
0.007256 -221.7293
0.007279 -219.8286
0.007302 -205.9593
0.007324 -200.7069
0.007347 -208.1789
0.007370 -210.5031
0.007392 -206.0799
0.007415 -225.0151
0.007438 -205.5947
0.007460 -182.2341
0.007483 -154.1833
0.007506 -140.2860
0.007528 -129.7707
0.007551 -114.5197
0.007574 -105.8438
0.007596 -106.8217
0.007619 -93.5112
0.007642 -96.8896
0.007664 -112.7428
0.007687 -112.8267
0.007710 -131.4538
0.007732 -148.2945
0.007755 -159.5586
0.007778 -182.0346
0.007800 -192.8918
0.007823 -205.8258
0.007846 -210.3822
0.007868 -211.1571
0.007891 -197.9622
0.007914 -193.6602
0.007937 -189.3919
0.007959 -188.7462
0.007982 -191.6452
0.008005 -191.6455
0.008027 -195.8293
0.008050 -206.8875
0.008073 -210.8346
0.008095 -222.2342
0.008118 -225.2564
0.008141 -214.6935
0.008163 -214.3105
0.008186 -209.2495
0.008209 -210.8253
0.008231 -214.3008
0.008254 -209.2607
0.008277 -214.5481
0.008299 -219.7090
0.008322 -217.7989
0.008345 -217.1356
0.008367 -217.6858
0.008390 -212.0412
0.008413 -208.2867
0.008435 -205.1656
0.008458 -201.4659
0.008481 -198.9813
0.008503 -190.0528
0.008526 -174.2857
0.008549 -169.1429
0.008571 -165.7751
0.008594 -166.9521
0.008617 -159.1376
0.008639 -164.7119
0.008662 -159.1973
0.008685 -146.7232
0.008707 -150.0122
0.008730 -137.2966
0.008753 -137.9300
0.008776 -149.4136
0.008798 -149.3263
0.008821 -162.9090
0.008844 -161.6006
0.008866 -168.7187
0.008889 -170.2398
0.008912 -159.5601
0.008934 -170.6571
0.008957 -168.6628
0.008980 -178.3765
0.009002 -181.3387
0.009025 -184.1828
0.009048 -186.0066
0.009070 -177.9256
0.009093 -179.2426
0.009116 -174.8238
0.009138 -171.7547
0.009161 -168.2904
0.009184 -161.0998
0.009206 -159.0032
0.009229 -159.7670
0.009252 -152.8217
0.009274 -155.1397
0.009297 -164.3934
0.009320 -165.2385
0.009342 -162.2008
0.009365 -162.5737
0.009388 -158.0709
0.009410 -144.8835
0.009433 -135.9775
0.009456 -128.3430
0.009478 -124.7276
0.009501 -118.0757
0.009524 -115.9860
0.009546 -107.9038
0.009569 -105.9462
0.009592 -104.0089
0.009615 -96.9875
0.009637 -100.8242
0.009660 -99.2481
0.009683 -96.4660
0.009705 -102.1192
0.009728 -103.7227
0.009751 -106.6836
0.009773 -111.7878
0.009796 -115.8397
0.009819 -116.1258
0.009841 -112.0150
0.009864 -110.6610
0.009887 -107.2090
0.009909 -99.7061
0.009932 -101.0247
0.009955 -93.5467
0.009977 -84.3311
0.010000 -81.8831
0.010023 -75.9470
0.010045 -70.4185
0.010068 -67.5575
0.010091 -64.5452
0.010113 -60.7354
0.010136 -60.0495
0.010159 -57.8826
0.010181 -52.0371
0.010204 -47.1976
0.010227 -44.5126
0.010249 -41.5158
0.010272 -42.2626
0.010295 -39.0048
0.010317 -37.5160
0.010340 -35.1607
0.010363 -31.6356
0.010385 -30.6715
0.010408 -28.1931
0.010431 -28.3109
0.010454 -26.7694
0.010476 -29.3012
0.010499 -25.7245
0.010522 -25.0614
0.010544 -25.0205
0.010567 -19.9174
0.010590 -23.0198
0.010612 -22.7071
0.010635 -20.7184
0.010658 -22.3679
0.010680 -18.9680
0.010703 -19.1232
0.010726 -18.7493
0.010748 -13.9468
0.010771 -13.4282
0.010794 -15.4869
0.010816 -16.7462
0.010839 -20.0671
0.010862 -20.1514
0.010884 -22.8289
0.010907 -22.2995
0.010930 -22.5497
0.010952 -21.2918
0.010975 -21.2338
0.010998 -20.8681
0.011020 -20.3125
0.011043 -19.5774
0.011066 -19.0649
0.011088 -19.3456
0.011111 -17.4308
0.011134 -15.5773
0.011156 -15.0769
0.011179 -12.6797
0.011202 -11.5217
0.011224 -8.7096
0.011247 -6.5851
0.011270 -6.3363
0.011293 -6.2681
0.011315 -4.5899
0.011338 -3.4522
0.011361 -2.0868
0.011383 0.1656
0.011406 0.6578
0.011429 -2.0426
0.011451 -4.4688
0.011474 -5.4182
0.011497 -6.0417
0.011519 -4.8188
0.011542 -5.4495
0.011565 -4.3219
0.011587 -3.2800

Computed Real values:
0.000000 -87519.3100
1.000000 35954.7759
2.000000 6786.9001
3.000000 5897.3458
4.000000 -7869.0381
5.000000 -1700.6537
6.000000 3749.7826
7.000000 -2696.0000
8.000000 2279.5028
9.000000 1039.7256
10.000000 -3700.7167
11.000000 2304.9698
12.000000 922.3123
13.000000 1621.9085
14.000000 -3275.7343
15.000000 944.2591
16.000000 -68.7822
17.000000 617.3943
18.000000 -220.9092
19.000000 -144.5295
20.000000 -909.6681
21.000000 426.7248
22.000000 -1252.7071
23.000000 1181.9970
24.000000 121.2383
25.000000 -608.5225
26.000000 763.5216
27.000000 -1596.8883
28.000000 1138.4467
29.000000 241.5514
30.000000 -56.1953
31.000000 -241.7611
32.000000 118.8607
33.000000 -137.3636
34.000000 -362.1282
35.000000 1039.0939
36.000000 -1073.1140
37.000000 640.9907
38.000000 -361.9201
39.000000 148.1311
40.000000 -329.5652
41.000000 361.3438
42.000000 -338.1809
43.000000 347.2955
44.000000 -226.1362
45.000000 105.2198
46.000000 -9.4221
47.000000 -315.4198
48.000000 402.3367
49.000000 -228.2723
50.000000 248.8085
51.000000 -218.7363
52.000000 268.7869
53.000000 -250.0597
54.000000 -5.4666
55.000000 259.5559
56.000000 -282.0055
57.000000 458.0430
58.000000 -227.4180
59.000000 74.4482
60.000000 -61.9283
61.000000 137.1158
62.000000 -154.7798
63.000000 17.3233
64.000000 -53.0377
65.000000 91.0690
66.000000 168.5472
67.000000 -520.0708
68.000000 458.7897
69.000000 -123.5135
70.000000 -81.6923
71.000000 155.6664
72.000000 -304.2139
73.000000 193.1356
74.000000 -63.8714
75.000000 -116.7789
76.000000 308.2274
77.000000 -330.3726
78.000000 147.0947
79.000000 30.9556
80.000000 -223.8093
81.000000 138.2512
82.000000 -52.5024
83.000000 18.9918
84.000000 -119.3778
85.000000 144.7153
86.000000 -148.5698
87.000000 60.7160
88.000000 -22.5047
89.000000 -9.1256
90.000000 1.4127
91.000000 -3.3790
92.000000 -4.0474
93.000000 -50.9336
94.000000 48.0309
95.000000 6.3972
96.000000 -56.0523
97.000000 26.9260
98.000000 -7.6353
99.000000 -16.4003
100.000000 33.2841
101.000000 30.8859
102.000000 -11.6884
103.000000 -14.8745
104.000000 -47.2869
105.000000 24.0876
106.000000 -78.9076
107.000000 74.8423
108.000000 33.2959
109.000000 -29.0153
110.000000 56.9328
111.000000 -53.4072
112.000000 -9.3474
113.000000 -6.5316
114.000000 68.5488
115.000000 -100.3053
116.000000 93.4518
117.000000 -120.1948
118.000000 6.2548
119.000000 72.8768
120.000000 -100.5384
121.000000 109.9663
122.000000 -23.2433
123.000000 -84.6088
124.000000 160.5795
125.000000 -89.5611
126.000000 36.8520
127.000000 -27.0987
128.000000 -20.3757
129.000000 22.4773
130.000000 22.4474
131.000000 -81.6004
132.000000 37.6628
133.000000 -50.3772
134.000000 44.3320
135.000000 14.3261
136.000000 -78.4580
137.000000 49.7404
138.000000 -8.8098
139.000000 -7.2672
140.000000 17.3870
141.000000 91.0808
142.000000 -155.3010
143.000000 36.1452
144.000000 22.0794
145.000000 -63.7736
146.000000 61.3472
147.000000 -63.0121
148.000000 -12.7311
149.000000 54.4127
150.000000 -7.7987
151.000000 -1.5690
152.000000 38.9086
153.000000 -136.9286
154.000000 36.2834
155.000000 -9.8008
156.000000 -43.2849
157.000000 62.5427
158.000000 40.0826
159.000000 -119.9797
160.000000 97.0511
161.000000 -147.2672
162.000000 77.1434
163.000000 39.6849
164.000000 -77.9715
165.000000 39.5307
166.000000 5.0899
167.000000 -129.3271
168.000000 104.3269
169.000000 -53.2026
170.000000 112.9601
171.000000 -96.4471
172.000000 37.0758
173.000000 -78.2321
174.000000 77.8738
175.000000 -61.1412
176.000000 -57.1305
177.000000 12.4760
178.000000 91.5826
179.000000 -57.7794
180.000000 -13.4421
181.000000 62.4140
182.000000 -91.1778
183.000000 -9.3975
184.000000 52.7682
185.000000 -78.6757
186.000000 -39.8651
187.000000 78.5842
188.000000 -68.2557
189.000000 -17.9388
190.000000 140.3365
191.000000 -140.4872
192.000000 57.9116
193.000000 -41.6933
194.000000 -47.5550
195.000000 186.1108
196.000000 -306.2205
197.000000 77.7300
198.000000 110.3232
199.000000 -119.8018
200.000000 53.4969
201.000000 -102.3071
202.000000 116.2305
203.000000 -44.8458
204.000000 -17.0721
205.000000 12.5039
206.000000 -51.2903
207.000000 23.8891
208.000000 -109.3235
209.000000 53.7683
210.000000 -21.2516
211.000000 31.2585
212.000000 -29.8537
213.000000 39.2629
214.000000 -69.2400
215.000000 55.9585
216.000000 13.6284
217.000000 -28.1797
218.000000 -28.8094
219.000000 33.2825
220.000000 -13.1864
221.000000 -18.8056
222.000000 -18.7731
223.000000 26.2410
224.000000 -11.7599
225.000000 11.2392
226.000000 -56.5852
227.000000 -27.8920
228.000000 85.9077
229.000000 -83.8544
230.000000 23.2195
231.000000 -2.3351
232.000000 30.7724
233.000000 -78.0616
234.000000 128.7766
235.000000 -149.2190
236.000000 66.5832
237.000000 1.6472
238.000000 -49.1565
239.000000 67.9430
240.000000 -45.2584
241.000000 -26.1462
242.000000 25.2443
243.000000 -6.5717
244.000000 -11.6335
245.000000 -8.5153
246.000000 4.6759
247.000000 10.5061
248.000000 -0.2553
249.000000 -24.4552
250.000000 32.2379
251.000000 -6.6318
252.000000 -10.0768
253.000000 -34.2962
254.000000 72.0724
255.000000 -129.8935
256.000000 104.4756
257.000000 -129.8935
258.000000 72.0724
259.000000 -34.2962
260.000000 -10.0768
261.000000 -6.6318
262.000000 32.2379
263.000000 -24.4552
264.000000 -0.2553
265.000000 10.5061
266.000000 4.6759
267.000000 -8.5153
268.000000 -11.6335
269.000000 -6.5717
270.000000 25.2443
271.000000 -26.1462
272.000000 -45.2584
273.000000 67.9430
274.000000 -49.1565
275.000000 1.6472
276.000000 66.5832
277.000000 -149.2190
278.000000 128.7766
279.000000 -78.0616
280.000000 30.7724
281.000000 -2.3351
282.000000 23.2195
283.000000 -83.8544
284.000000 85.9077
285.000000 -27.8920
286.000000 -56.5852
287.000000 11.2392
288.000000 -11.7599
289.000000 26.2410
290.000000 -18.7731
291.000000 -18.8056
292.000000 -13.1864
293.000000 33.2825
294.000000 -28.8094
295.000000 -28.1797
296.000000 13.6284
297.000000 55.9585
298.000000 -69.2400
299.000000 39.2629
300.000000 -29.8537
301.000000 31.2585
302.000000 -21.2516
303.000000 53.7683
304.000000 -109.3235
305.000000 23.8891
306.000000 -51.2903
307.000000 12.5039
308.000000 -17.0721
309.000000 -44.8458
310.000000 116.2305
311.000000 -102.3071
312.000000 53.4969
313.000000 -119.8018
314.000000 110.3232
315.000000 77.7300
316.000000 -306.2205
317.000000 186.1108
318.000000 -47.5550
319.000000 -41.6933
320.000000 57.9116
321.000000 -140.4872
322.000000 140.3365
323.000000 -17.9388
324.000000 -68.2557
325.000000 78.5842
326.000000 -39.8651
327.000000 -78.6757
328.000000 52.7682
329.000000 -9.3975
330.000000 -91.1778
331.000000 62.4140
332.000000 -13.4421
333.000000 -57.7794
334.000000 91.5826
335.000000 12.4760
336.000000 -57.1305
337.000000 -61.1412
338.000000 77.8738
339.000000 -78.2321
340.000000 37.0758
341.000000 -96.4471
342.000000 112.9601
343.000000 -53.2026
344.000000 104.3269
345.000000 -129.3271
346.000000 5.0899
347.000000 39.5307
348.000000 -77.9715
349.000000 39.6849
350.000000 77.1434
351.000000 -147.2672
352.000000 97.0511
353.000000 -119.9797
354.000000 40.0826
355.000000 62.5427
356.000000 -43.2849
357.000000 -9.8008
358.000000 36.2834
359.000000 -136.9286
360.000000 38.9086
361.000000 -1.5690
362.000000 -7.7987
363.000000 54.4127
364.000000 -12.7311
365.000000 -63.0121
366.000000 61.3472
367.000000 -63.7736
368.000000 22.0794
369.000000 36.1452
370.000000 -155.3010
371.000000 91.0808
372.000000 17.3870
373.000000 -7.2672
374.000000 -8.8098
375.000000 49.7404
376.000000 -78.4580
377.000000 14.3261
378.000000 44.3320
379.000000 -50.3772
380.000000 37.6628
381.000000 -81.6004
382.000000 22.4474
383.000000 22.4773
384.000000 -20.3757
385.000000 -27.0987
386.000000 36.8520
387.000000 -89.5611
388.000000 160.5795
389.000000 -84.6088
390.000000 -23.2433
391.000000 109.9663
392.000000 -100.5384
393.000000 72.8768
394.000000 6.2548
395.000000 -120.1948
396.000000 93.4518
397.000000 -100.3053
398.000000 68.5488
399.000000 -6.5316
400.000000 -9.3474
401.000000 -53.4072
402.000000 56.9328
403.000000 -29.0153
404.000000 33.2959
405.000000 74.8423
406.000000 -78.9076
407.000000 24.0876
408.000000 -47.2869
409.000000 -14.8745
410.000000 -11.6884
411.000000 30.8859
412.000000 33.2841
413.000000 -16.4003
414.000000 -7.6353
415.000000 26.9260
416.000000 -56.0523
417.000000 6.3972
418.000000 48.0309
419.000000 -50.9336
420.000000 -4.0474
421.000000 -3.3790
422.000000 1.4127
423.000000 -9.1256
424.000000 -22.5047
425.000000 60.7160
426.000000 -148.5698
427.000000 144.7153
428.000000 -119.3778
429.000000 18.9918
430.000000 -52.5024
431.000000 138.2512
432.000000 -223.8093
433.000000 30.9556
434.000000 147.0947
435.000000 -330.3726
436.000000 308.2274
437.000000 -116.7789
438.000000 -63.8714
439.000000 193.1356
440.000000 -304.2139
441.000000 155.6664
442.000000 -81.6923
443.000000 -123.5135
444.000000 458.7897
445.000000 -520.0708
446.000000 168.5472
447.000000 91.0690
448.000000 -53.0377
449.000000 17.3233
450.000000 -154.7798
451.000000 137.1158
452.000000 -61.9283
453.000000 74.4482
454.000000 -227.4180
455.000000 458.0430
456.000000 -282.0055
457.000000 259.5559
458.000000 -5.4666
459.000000 -250.0597
460.000000 268.7869
461.000000 -218.7363
462.000000 248.8085
463.000000 -228.2723
464.000000 402.3367
465.000000 -315.4198
466.000000 -9.4221
467.000000 105.2198
468.000000 -226.1362
469.000000 347.2955
470.000000 -338.1809
471.000000 361.3438
472.000000 -329.5652
473.000000 148.1311
474.000000 -361.9201
475.000000 640.9907
476.000000 -1073.1140
477.000000 1039.0939
478.000000 -362.1282
479.000000 -137.3636
480.000000 118.8607
481.000000 -241.7611
482.000000 -56.1953
483.000000 241.5514
484.000000 1138.4467
485.000000 -1596.8883
486.000000 763.5216
487.000000 -608.5225
488.000000 121.2383
489.000000 1181.9970
490.000000 -1252.7071
491.000000 426.7248
492.000000 -909.6681
493.000000 -144.5295
494.000000 -220.9092
495.000000 617.3943
496.000000 -68.7822
497.000000 944.2591
498.000000 -3275.7343
499.000000 1621.9085
500.000000 922.3123
501.000000 2304.9698
502.000000 -3700.7167
503.000000 1039.7256
504.000000 2279.5028
505.000000 -2696.0000
506.000000 3749.7826
507.000000 -1700.6537
508.000000 -7869.0381
509.000000 5897.3458
510.000000 6786.9001
511.000000 35954.7759

Computed Imaginary values:
0.000000 0.0000
1.000000 4082.5006
2.000000 3158.5908
3.000000 -9608.6158
4.000000 5998.8011
5.000000 -1373.7439
6.000000 2172.2710
7.000000 -471.5005
8.000000 -2263.0579
9.000000 897.3950
10.000000 140.1652
11.000000 -87.4127
12.000000 1957.2176
13.000000 -829.8695
14.000000 -755.0753
15.000000 681.1256
16.000000 -117.6921
17.000000 -721.6364
18.000000 1673.5267
19.000000 -1461.1721
20.000000 611.2831
21.000000 194.5499
22.000000 179.3674
23.000000 -934.7701
24.000000 913.3524
25.000000 9.0578
26.000000 -472.7552
27.000000 290.0346
28.000000 309.2983
29.000000 -1003.5836
30.000000 1073.0246
31.000000 -387.7705
32.000000 -267.0118
33.000000 621.1396
34.000000 -595.1836
35.000000 86.2057
36.000000 308.2581
37.000000 -575.1397
38.000000 109.6421
39.000000 52.5648
40.000000 152.2415
41.000000 -218.3051
42.000000 244.2527
43.000000 -247.5205
44.000000 62.6176
45.000000 143.5095
46.000000 422.4649
47.000000 -467.1699
48.000000 74.1031
49.000000 269.5376
50.000000 -118.3871
51.000000 96.8325
52.000000 -127.8163
53.000000 -340.4142
54.000000 472.7151
55.000000 -173.4759
56.000000 196.7730
57.000000 -258.4461
58.000000 203.3036
59.000000 -129.1880
60.000000 -22.2584
61.000000 220.3899
62.000000 -6.0313
63.000000 83.2671
64.000000 -168.3910
65.000000 55.7092
66.000000 -58.0065
67.000000 146.2915
68.000000 -226.5174
69.000000 291.6746
70.000000 -166.5570
71.000000 299.3637
72.000000 -213.7113
73.000000 40.7607
74.000000 81.2465
75.000000 62.4315
76.000000 -42.1563
77.000000 109.9457
78.000000 -145.0085
79.000000 150.4828
80.000000 -199.9211
81.000000 237.4446
82.000000 -75.6654
83.000000 -31.9126
84.000000 15.3498
85.000000 6.9378
86.000000 21.5889
87.000000 -52.8810
88.000000 114.9525
89.000000 56.9200
90.000000 -165.9385
91.000000 72.4130
92.000000 -6.4061
93.000000 -13.0034
94.000000 58.8270
95.000000 -84.8743
96.000000 69.2995
97.000000 -28.9236
98.000000 -48.0097
99.000000 95.4073
100.000000 -49.3220
101.000000 11.4598
102.000000 58.3221
103.000000 -34.1506
104.000000 20.1257
105.000000 -0.7243
106.000000 22.9336
107.000000 11.6472
108.000000 11.8849
109.000000 -43.1983
110.000000 52.8100
111.000000 -12.7279
112.000000 -31.7461
113.000000 62.0341
114.000000 -50.9881
115.000000 94.8326
116.000000 -85.7610
117.000000 -10.2259
118.000000 76.2075
119.000000 10.6883
120.000000 -25.6475
121.000000 27.6119
122.000000 -56.9991
123.000000 53.6251
124.000000 -38.8184
125.000000 63.7738
126.000000 -19.2644
127.000000 28.5944
128.000000 -59.0961
129.000000 78.5311
130.000000 80.2514
131.000000 -116.4427
132.000000 45.4248
133.000000 46.9236
134.000000 -95.3007
135.000000 146.6234
136.000000 -77.1559
137.000000 35.8163
138.000000 -58.0542
139.000000 52.1461
140.000000 122.3831
141.000000 -134.6005
142.000000 -60.7946
143.000000 51.9229
144.000000 42.6460
145.000000 -15.0709
146.000000 5.0039
147.000000 -26.0203
148.000000 2.5255
149.000000 16.6866
150.000000 -12.0740
151.000000 -29.9049
152.000000 56.6527
153.000000 -94.7730
154.000000 37.5128
155.000000 -2.6224
156.000000 32.9561
157.000000 8.1445
158.000000 -79.7122
159.000000 55.1818
160.000000 45.6636
161.000000 -11.5503
162.000000 -60.9858
163.000000 -55.8200
164.000000 53.3136
165.000000 112.4268
166.000000 -156.8644
167.000000 158.6570
168.000000 -107.8113
169.000000 104.2712
170.000000 -74.8997
171.000000 113.5657
172.000000 -47.2840
173.000000 26.4111
174.000000 -50.5306
175.000000 12.8513
176.000000 9.6173
177.000000 -8.5498
178.000000 8.7565
179.000000 19.7168
180.000000 26.4581
181.000000 -9.3256
182.000000 -0.7078
183.000000 96.8766
184.000000 -209.1721
185.000000 185.6023
186.000000 -231.8747
187.000000 212.6665
188.000000 -140.1739
189.000000 150.5262
190.000000 -190.8854
191.000000 152.0199
192.000000 -122.4627
193.000000 88.9623
194.000000 98.5969
195.000000 -89.9739
196.000000 21.7206
197.000000 -96.8202
198.000000 94.2909
199.000000 -24.8567
200.000000 20.0478
201.000000 -11.1890
202.000000 -45.5255
203.000000 89.8372
204.000000 -73.4796
205.000000 66.9777
206.000000 -74.3495
207.000000 87.6810
208.000000 75.4087
209.000000 -110.9208
210.000000 -77.9045
211.000000 95.5935
212.000000 50.7967
213.000000 -90.9851
214.000000 -28.6191
215.000000 115.3515
216.000000 -5.4864
217.000000 -20.7193
218.000000 -48.2162
219.000000 45.8039
220.000000 -33.2847
221.000000 21.4392
222.000000 -31.2488
223.000000 50.1811
224.000000 11.0568
225.000000 -17.8058
226.000000 -52.9544
227.000000 110.7412
228.000000 -98.4795
229.000000 78.2447
230.000000 -58.7487
231.000000 -18.3516
232.000000 -43.2416
233.000000 117.8129
234.000000 -110.2080
235.000000 123.9656
236.000000 -111.4042
237.000000 52.1196
238.000000 18.5407
239.000000 -15.1871
240.000000 -35.6463
241.000000 -14.6970
242.000000 71.2716
243.000000 -23.2939
244.000000 -49.3844
245.000000 70.8050
246.000000 -60.6935
247.000000 35.4534
248.000000 -50.7194
249.000000 33.6264
250.000000 30.9984
251.000000 -48.5930
252.000000 23.1888
253.000000 -36.8191
254.000000 76.0963
255.000000 -61.7942
256.000000 0.0000
257.000000 61.7942
258.000000 -76.0963
259.000000 36.8191
260.000000 -23.1888
261.000000 48.5930
262.000000 -30.9984
263.000000 -33.6264
264.000000 50.7194
265.000000 -35.4534
266.000000 60.6935
267.000000 -70.8050
268.000000 49.3844
269.000000 23.2939
270.000000 -71.2716
271.000000 14.6970
272.000000 35.6463
273.000000 15.1871
274.000000 -18.5407
275.000000 -52.1196
276.000000 111.4042
277.000000 -123.9656
278.000000 110.2080
279.000000 -117.8129
280.000000 43.2416
281.000000 18.3516
282.000000 58.7487
283.000000 -78.2447
284.000000 98.4795
285.000000 -110.7412
286.000000 52.9544
287.000000 17.8058
288.000000 -11.0568
289.000000 -50.1811
290.000000 31.2488
291.000000 -21.4392
292.000000 33.2847
293.000000 -45.8039
294.000000 48.2162
295.000000 20.7193
296.000000 5.4864
297.000000 -115.3515
298.000000 28.6191
299.000000 90.9851
300.000000 -50.7967
301.000000 -95.5935
302.000000 77.9045
303.000000 110.9208
304.000000 -75.4087
305.000000 -87.6810
306.000000 74.3495
307.000000 -66.9777
308.000000 73.4796
309.000000 -89.8372
310.000000 45.5255
311.000000 11.1890
312.000000 -20.0478
313.000000 24.8567
314.000000 -94.2909
315.000000 96.8202
316.000000 -21.7206
317.000000 89.9739
318.000000 -98.5969
319.000000 -88.9623
320.000000 122.4627
321.000000 -152.0199
322.000000 190.8854
323.000000 -150.5262
324.000000 140.1739
325.000000 -212.6665
326.000000 231.8747
327.000000 -185.6023
328.000000 209.1721
329.000000 -96.8766
330.000000 0.7078
331.000000 9.3256
332.000000 -26.4581
333.000000 -19.7168
334.000000 -8.7565
335.000000 8.5498
336.000000 -9.6173
337.000000 -12.8513
338.000000 50.5306
339.000000 -26.4111
340.000000 47.2840
341.000000 -113.5657
342.000000 74.8997
343.000000 -104.2712
344.000000 107.8113
345.000000 -158.6570
346.000000 156.8644
347.000000 -112.4268
348.000000 -53.3136
349.000000 55.8200
350.000000 60.9858
351.000000 11.5503
352.000000 -45.6636
353.000000 -55.1818
354.000000 79.7122
355.000000 -8.1445
356.000000 -32.9561
357.000000 2.6224
358.000000 -37.5128
359.000000 94.7730
360.000000 -56.6527
361.000000 29.9049
362.000000 12.0740
363.000000 -16.6866
364.000000 -2.5255
365.000000 26.0203
366.000000 -5.0039
367.000000 15.0709
368.000000 -42.6460
369.000000 -51.9229
370.000000 60.7946
371.000000 134.6005
372.000000 -122.3831
373.000000 -52.1461
374.000000 58.0542
375.000000 -35.8163
376.000000 77.1559
377.000000 -146.6234
378.000000 95.3007
379.000000 -46.9236
380.000000 -45.4248
381.000000 116.4427
382.000000 -80.2514
383.000000 -78.5311
384.000000 59.0961
385.000000 -28.5944
386.000000 19.2644
387.000000 -63.7738
388.000000 38.8184
389.000000 -53.6251
390.000000 56.9991
391.000000 -27.6119
392.000000 25.6475
393.000000 -10.6883
394.000000 -76.2075
395.000000 10.2259
396.000000 85.7610
397.000000 -94.8326
398.000000 50.9881
399.000000 -62.0341
400.000000 31.7461
401.000000 12.7279
402.000000 -52.8100
403.000000 43.1983
404.000000 -11.8849
405.000000 -11.6472
406.000000 -22.9336
407.000000 0.7243
408.000000 -20.1257
409.000000 34.1506
410.000000 -58.3221
411.000000 -11.4598
412.000000 49.3220
413.000000 -95.4073
414.000000 48.0097
415.000000 28.9236
416.000000 -69.2995
417.000000 84.8743
418.000000 -58.8270
419.000000 13.0034
420.000000 6.4061
421.000000 -72.4130
422.000000 165.9385
423.000000 -56.9200
424.000000 -114.9525
425.000000 52.8810
426.000000 -21.5889
427.000000 -6.9378
428.000000 -15.3498
429.000000 31.9126
430.000000 75.6654
431.000000 -237.4446
432.000000 199.9211
433.000000 -150.4828
434.000000 145.0085
435.000000 -109.9457
436.000000 42.1563
437.000000 -62.4315
438.000000 -81.2465
439.000000 -40.7607
440.000000 213.7113
441.000000 -299.3637
442.000000 166.5570
443.000000 -291.6746
444.000000 226.5174
445.000000 -146.2915
446.000000 58.0065
447.000000 -55.7092
448.000000 168.3910
449.000000 -83.2671
450.000000 6.0313
451.000000 -220.3899
452.000000 22.2584
453.000000 129.1880
454.000000 -203.3036
455.000000 258.4461
456.000000 -196.7730
457.000000 173.4759
458.000000 -472.7151
459.000000 340.4142
460.000000 127.8163
461.000000 -96.8325
462.000000 118.3871
463.000000 -269.5376
464.000000 -74.1031
465.000000 467.1699
466.000000 -422.4649
467.000000 -143.5095
468.000000 -62.6176
469.000000 247.5205
470.000000 -244.2527
471.000000 218.3051
472.000000 -152.2415
473.000000 -52.5648
474.000000 -109.6421
475.000000 575.1397
476.000000 -308.2581
477.000000 -86.2057
478.000000 595.1836
479.000000 -621.1396
480.000000 267.0118
481.000000 387.7705
482.000000 -1073.0246
483.000000 1003.5836
484.000000 -309.2983
485.000000 -290.0346
486.000000 472.7552
487.000000 -9.0578
488.000000 -913.3524
489.000000 934.7701
490.000000 -179.3674
491.000000 -194.5499
492.000000 -611.2831
493.000000 1461.1721
494.000000 -1673.5267
495.000000 721.6364
496.000000 117.6921
497.000000 -681.1256
498.000000 755.0753
499.000000 829.8695
500.000000 -1957.2176
501.000000 87.4127
502.000000 -140.1652
503.000000 -897.3950
504.000000 2263.0579
505.000000 471.5005
506.000000 -2172.2710
507.000000 1373.7439
508.000000 -5998.8011
509.000000 9608.6158
510.000000 -3158.5908
511.000000 -4082.5006

Computed magnitudes:
0.000000Hz 87519.3100
86.132812Hz 36185.8083
172.265625Hz 7485.9007
258.398437Hz 11274.0492
344.531250Hz 9894.8156
430.664062Hz 2186.1828
516.796875Hz 4333.5472
602.929688Hz 2736.9196
689.062500Hz 3212.0965
775.195313Hz 1373.4435
861.328125Hz 3703.3701
947.460938Hz 2306.6267
1033.593750Hz 2163.6453
1119.726562Hz 1821.8865
1205.859375Hz 3361.6327
1291.992187Hz 1164.2841
1378.125000Hz 136.3174
1464.257812Hz 949.7024
1550.390625Hz 1688.0439
1636.523437Hz 1468.3027
1722.656250Hz 1095.9758
1808.789062Hz 468.9816
1894.921875Hz 1265.4832
1981.054687Hz 1506.9546
2067.187500Hz 921.3639
2153.320313Hz 608.5899
2239.453125Hz 898.0327
2325.585938Hz 1623.0134
2411.718750Hz 1179.7145
2497.851563Hz 1032.2437
2583.984375Hz 1074.4951
2670.117188Hz 456.9621
2756.250000Hz 292.2724
2842.382813Hz 636.1471
2928.515625Hz 696.6924
3014.648438Hz 1042.6637
3100.781250Hz 1116.5110
3186.914063Hz 861.1937
3273.046875Hz 378.1634
3359.179688Hz 157.1811
3445.312500Hz 363.0299
3531.445313Hz 422.1687
3617.578125Hz 417.1639
3703.710938Hz 426.4746
3789.843750Hz 234.6456
3875.976563Hz 177.9499
3962.109375Hz 422.5700
4048.242188Hz 563.6820
4134.375000Hz 409.1040
4220.507813Hz 353.2121
4306.640625Hz 275.5380
4392.773438Hz 239.2114
4478.906250Hz 297.6297
4565.039063Hz 422.3881
4651.171875Hz 472.7467
4737.304688Hz 312.1909
4823.437500Hz 343.8703
4909.570313Hz 525.9256
4995.703125Hz 305.0431
5081.835938Hz 149.1043
5167.968750Hz 65.8070
5254.101563Hz 259.5621
5340.234375Hz 154.8972
5426.367188Hz 85.0500
5512.500000Hz 176.5461
5598.632813Hz 106.7571
5684.765625Hz 178.2495
5770.898438Hz 540.2545
5857.031250Hz 511.6621
5943.164063Hz 316.7486
6029.296875Hz 185.5124
6115.429688Hz 337.4176
6201.562500Hz 371.7776
6287.695313Hz 197.3900
6373.828125Hz 103.3468
6459.960938Hz 132.4198
6546.093750Hz 311.0969
6632.226563Hz 348.1869
6718.359375Hz 206.5534
6804.492188Hz 153.6337
6890.625000Hz 300.0984
6976.757813Hz 274.7605
7062.890625Hz 92.0964
7149.023438Hz 37.1363
7235.156250Hz 120.3606
7321.289063Hz 144.8816
7407.421875Hz 150.1301
7493.554688Hz 80.5160
7579.687500Hz 117.1347
7665.820313Hz 57.6468
7751.953125Hz 165.9445
7838.085938Hz 72.4918
7924.218750Hz 7.5776
8010.351563Hz 52.5673
8096.484375Hz 75.9446
8182.617188Hz 85.1150
8268.750000Hz 89.1307
8354.882813Hz 39.5169
8441.015625Hz 48.6130
8527.148438Hz 96.8066
8613.281250Hz 59.5020
8699.414063Hz 32.9434
8785.546875Hz 59.4818
8871.679688Hz 37.2493
8957.812500Hz 51.3916
9043.945313Hz 24.0985
9130.078125Hz 82.1727
9216.210938Hz 75.7431
9302.343750Hz 35.3535
9388.476563Hz 52.0383
9474.609375Hz 77.6546
9560.742188Hz 54.9029
9646.875000Hz 33.0937
9733.007813Hz 62.3770
9819.140625Hz 85.4326
9905.273438Hz 138.0376
9991.406250Hz 126.8392
10077.539063Hz 120.6290
10163.671875Hz 76.4638
10249.804688Hz 73.6564
10335.937500Hz 103.7582
10422.070313Hz 113.3799
10508.203125Hz 61.5560
10594.335938Hz 100.1714
10680.468750Hz 165.2048
10766.601563Hz 109.9468
10852.734375Hz 41.5835
10938.867188Hz 39.3951
11025.000000Hz 62.5101
11111.132813Hz 81.6845
11197.265625Hz 83.3317
11283.398438Hz 142.1884
11369.531250Hz 59.0076
11455.664063Hz 68.8453
11541.796875Hz 105.1073
11627.929688Hz 147.3217
11714.062500Hz 110.0395
11800.195313Hz 61.2937
11886.328125Hz 58.7189
11972.460938Hz 52.6501
12058.593750Hz 123.6120
12144.726563Hz 162.5208
12230.859375Hz 166.7764
12316.992188Hz 63.2650
12403.125000Hz 48.0227
12489.257813Hz 65.5301
12575.390625Hz 61.5509
12661.523438Hz 68.1731
12747.656250Hz 12.9791
12833.789063Hz 56.9138
12919.921875Hz 14.3736
13006.054688Hz 29.9460
13092.187500Hz 68.7271
13178.320313Hz 166.5274
13264.453125Hz 52.1890
13350.585938Hz 10.1456
13436.718750Hz 54.4030
13522.851563Hz 63.0707
13608.984375Hz 89.2225
13695.117188Hz 132.0611
13781.250000Hz 107.2571
13867.382813Hz 147.7194
13953.515625Hz 98.3380
14039.648438Hz 68.4891
14125.781250Hz 94.4558
14211.914063Hz 119.1741
14298.046875Hz 156.9469
14384.179688Hz 204.6889
14470.312500Hz 150.0246
14556.445313Hz 117.0598
14642.578125Hz 135.5358
14728.710938Hz 148.9940
14814.843750Hz 60.0865
14900.976563Hz 82.5701
14987.109375Hz 92.8314
15073.242188Hz 62.4772
15159.375000Hz 57.9343
15245.507813Hz 15.1244
15331.640625Hz 92.0003
15417.773438Hz 61.0509
15503.906250Hz 29.6769
15590.039063Hz 63.1068
15676.171875Hz 91.1805
15762.304688Hz 97.3314
15848.437500Hz 215.7254
15934.570313Hz 201.5889
16020.703125Hz 235.2766
16106.835938Hz 226.7213
16192.968750Hz 155.9088
16279.101563Hz 151.5914
16365.234375Hz 236.9210
16451.367188Hz 206.9945
16537.500000Hz 135.4653
16623.632813Hz 98.2477
16709.765625Hz 109.4661
16795.898438Hz 206.7184
16882.031250Hz 306.9899
16968.164063Hz 124.1616
17054.296875Hz 145.1274
17140.429688Hz 122.3533
17226.562500Hz 57.1300
17312.695313Hz 102.9171
17398.828125Hz 124.8283
17484.960938Hz 100.4085
17571.093750Hz 75.4368
17657.226563Hz 68.1348
17743.359375Hz 90.3246
17829.492188Hz 90.8771
17915.625000Hz 132.8085
18001.757813Hz 123.2658
18087.890625Hz 80.7511
18174.023438Hz 100.5744
18260.156250Hz 58.9198
18346.289063Hz 99.0952
18432.421875Hz 74.9215
18518.554688Hz 128.2081
18604.687500Hz 14.6912
18690.820313Hz 34.9769
18776.953125Hz 56.1675
18863.085938Hz 56.6191
18949.218750Hz 35.8016
19035.351563Hz 28.5182
19121.484375Hz 36.4543
19207.617188Hz 56.6280
19293.750000Hz 16.1415
19379.882813Hz 21.0563
19466.015625Hz 77.4987
19552.148438Hz 114.1998
19638.281250Hz 130.6841
19724.414063Hz 114.6900
19810.546875Hz 63.1709
19896.679688Hz 18.4996
19982.812500Hz 53.0733
20068.945313Hz 141.3276
20155.078125Hz 169.4969
20241.210938Hz 193.9943
20327.343750Hz 129.7852
20413.476563Hz 52.1457
20499.609375Hz 52.5368
20585.742188Hz 69.6197
20671.875000Hz 57.6106
20758.007813Hz 29.9938
20844.140625Hz 75.6102
20930.273438Hz 24.2031
21016.406250Hz 50.7362
21102.539063Hz 71.3152
21188.671875Hz 60.8734
21274.804688Hz 36.9773
21360.937500Hz 50.7200
21447.070313Hz 41.5788
21533.203125Hz 44.7234
21619.335938Hz 49.0435
21705.468750Hz 25.2836
21791.601563Hz 50.3177
21877.734375Hz 104.8098
21963.867188Hz 143.8431

279.019968
